0 info it worked if it ends with ok
1 verbose cli [ 'C:\\Users\\caos\\Nodejs\\\\node.exe',
1 verbose cli   'C:\\Users\\caos\\Nodejs\\node_modules\\npm\\bin\\npm-cli.js',
1 verbose cli   'install',
1 verbose cli   '-',
1 verbose cli   'bower' ]
2 info using npm@2.10.1
3 info using node@v0.12.4
4 verbose install initial load of C:\Users\caos\Vantage-Payday-Angular\package.json
5 verbose installManyTop reading scoped package data from C:\Users\caos\Vantage-Payday-Angular\node_modules\body-parser\package.json
6 verbose installManyTop reading scoped package data from C:\Users\caos\Vantage-Payday-Angular\node_modules\composable-middleware\package.json
7 verbose installManyTop reading scoped package data from C:\Users\caos\Vantage-Payday-Angular\node_modules\compression\package.json
8 verbose installManyTop reading scoped package data from C:\Users\caos\Vantage-Payday-Angular\node_modules\connect-livereload\package.json
9 verbose installManyTop reading scoped package data from C:\Users\caos\Vantage-Payday-Angular\node_modules\cookie-parser\package.json
10 verbose installManyTop reading scoped package data from C:\Users\caos\Vantage-Payday-Angular\node_modules\ejs\package.json
11 verbose installManyTop reading scoped package data from C:\Users\caos\Vantage-Payday-Angular\node_modules\errorhandler\package.json
12 verbose installManyTop reading scoped package data from C:\Users\caos\Vantage-Payday-Angular\node_modules\express-session\package.json
13 verbose installManyTop reading scoped package data from C:\Users\caos\Vantage-Payday-Angular\node_modules\grunt-asset-injector\package.json
14 verbose installManyTop reading scoped package data from C:\Users\caos\Vantage-Payday-Angular\node_modules\grunt-concurrent\package.json
15 verbose installManyTop reading scoped package data from C:\Users\caos\Vantage-Payday-Angular\node_modules\grunt-contrib-clean\package.json
16 verbose installManyTop reading scoped package data from C:\Users\caos\Vantage-Payday-Angular\node_modules\grunt-contrib-copy\package.json
17 verbose installManyTop reading scoped package data from C:\Users\caos\Vantage-Payday-Angular\node_modules\grunt-env\package.json
18 verbose installManyTop reading scoped package data from C:\Users\caos\Vantage-Payday-Angular\node_modules\grunt-express-server\package.json
19 verbose installManyTop reading scoped package data from C:\Users\caos\Vantage-Payday-Angular\node_modules\grunt-karma\package.json
20 verbose installManyTop reading scoped package data from C:\Users\caos\Vantage-Payday-Angular\node_modules\grunt-open\package.json
21 verbose installManyTop reading scoped package data from C:\Users\caos\Vantage-Payday-Angular\node_modules\grunt-rev\package.json
22 verbose installManyTop reading scoped package data from C:\Users\caos\Vantage-Payday-Angular\node_modules\karma-jasmine\package.json
23 verbose installManyTop reading scoped package data from C:\Users\caos\Vantage-Payday-Angular\node_modules\karma-requirejs\package.json
24 verbose installManyTop reading scoped package data from C:\Users\caos\Vantage-Payday-Angular\node_modules\lodash\package.json
25 verbose installManyTop reading scoped package data from C:\Users\caos\Vantage-Payday-Angular\node_modules\requirejs\package.json
26 verbose installManyTop reading scoped package data from C:\Users\caos\Vantage-Payday-Angular\node_modules\serve-favicon\package.json
27 verbose installManyTop reading scoped package data from C:\Users\caos\Vantage-Payday-Angular\node_modules\should\package.json
28 verbose installManyTop reading scoped package data from C:\Users\caos\Vantage-Payday-Angular\node_modules\time-grunt\package.json
29 info package.json connect-livereload@0.4.1 No license field.
30 info package.json cookie-parser@1.0.1 No license field.
31 info package.json composable-middleware@0.3.0 No license field.
32 info package.json ejs@0.8.8 No license field.
33 info package.json grunt-asset-injector@0.1.0 No license field.
34 info package.json grunt-contrib-clean@0.5.0 No license field.
35 info package.json grunt-env@0.4.4 No license field.
36 info package.json grunt-concurrent@0.5.0 No license field.
37 info package.json grunt-contrib-copy@0.5.0 No license field.
38 info package.json grunt-open@0.2.3 No license field.
39 info package.json grunt-express-server@0.4.19 No license field.
40 info package.json grunt-rev@0.1.0 No license field.
41 info package.json should@3.3.2 No license field.
42 info package.json requirejs@2.1.18 No license field.
43 verbose readDependencies loading dependencies from C:\Users\caos\Vantage-Payday-Angular\package.json
44 silly cache add args [ '-', null ]
45 verbose cache add spec -
46 silly cache add args [ 'bower', null ]
47 verbose cache add spec bower
48 silly cache add parsed spec { raw: '-',
48 silly cache add   scope: null,
48 silly cache add   name: null,
48 silly cache add   rawSpec: '-',
48 silly cache add   spec: 'C:\\Users\\caos\\Vantage-Payday-Angular\\-',
48 silly cache add   type: 'local' }
49 silly cache add parsed spec { raw: 'bower',
49 silly cache add   scope: null,
49 silly cache add   name: 'bower',
49 silly cache add   rawSpec: '',
49 silly cache add   spec: '*',
49 silly cache add   type: 'range' }
50 silly addNamed bower@*
51 verbose addNamed "*" is a valid semver range for bower
52 silly addNameRange { name: 'bower', range: '*', hasData: false }
53 silly mapToRegistry name bower
54 silly mapToRegistry using default registry
55 silly mapToRegistry registry https://registry.npmjs.org/
56 silly mapToRegistry uri https://registry.npmjs.org/bower
57 verbose addNameRange registry:https://registry.npmjs.org/bower not in flight; fetching
58 error addLocal Could not install C:\Users\caos\Vantage-Payday-Angular\-
59 verbose request uri https://registry.npmjs.org/bower
60 verbose request no auth needed
61 info attempt registry request try #1 at 1:50:11 PM
62 verbose request id c98bd028368ca6bf
63 verbose etag "F5DZ09SKDJ5DLFDPVBOP8TZTX"
64 http request GET https://registry.npmjs.org/bower
65 http 200 https://registry.npmjs.org/bower
66 silly get cb [ 200,
66 silly get   { server: 'CouchDB/1.5.0 (Erlang OTP/R16B03)',
66 silly get     etag: '"AAO6T055NQ700CZJYO7KWWFW"',
66 silly get     'content-type': 'application/json',
66 silly get     'cache-control': 'max-age=60',
66 silly get     'content-length': '112565',
66 silly get     'accept-ranges': 'bytes',
66 silly get     date: 'Thu, 09 Jul 2015 17:50:11 GMT',
66 silly get     via: '1.1 varnish',
66 silly get     age: '46',
66 silly get     connection: 'keep-alive',
66 silly get     'x-served-by': 'cache-atl6227-ATL',
66 silly get     'x-cache': 'HIT',
66 silly get     'x-cache-hits': '4',
66 silly get     'x-timer': 'S1436464211.640188,VS0,VE0',
66 silly get     vary: 'Accept' } ]
67 verbose get saving bower to C:\Users\caos\AppData\Roaming\npm-cache\registry.npmjs.org\bower\.cache.json
68 silly addNameRange number 2 { name: 'bower', range: '*', hasData: true }
69 silly addNameRange versions [ 'bower',
69 silly addNameRange   [ '0.1.0',
69 silly addNameRange     '0.1.2',
69 silly addNameRange     '0.1.3',
69 silly addNameRange     '0.2.0',
69 silly addNameRange     '0.3.0',
69 silly addNameRange     '0.3.1',
69 silly addNameRange     '0.3.2',
69 silly addNameRange     '0.4.0',
69 silly addNameRange     '0.5.0',
69 silly addNameRange     '0.5.1',
69 silly addNameRange     '0.6.0',
69 silly addNameRange     '0.6.1',
69 silly addNameRange     '0.6.2',
69 silly addNameRange     '0.6.3',
69 silly addNameRange     '0.6.4',
69 silly addNameRange     '0.6.5',
69 silly addNameRange     '0.6.6',
69 silly addNameRange     '0.6.7',
69 silly addNameRange     '0.6.8',
69 silly addNameRange     '0.7.0',
69 silly addNameRange     '0.7.1',
69 silly addNameRange     '0.8.0',
69 silly addNameRange     '0.8.1',
69 silly addNameRange     '0.8.2',
69 silly addNameRange     '0.8.3',
69 silly addNameRange     '0.8.4',
69 silly addNameRange     '0.8.5',
69 silly addNameRange     '0.8.6',
69 silly addNameRange     '0.9.0',
69 silly addNameRange     '0.9.1',
69 silly addNameRange     '0.9.2',
69 silly addNameRange     '0.10.0',
69 silly addNameRange     '1.0.0',
69 silly addNameRange     '1.0.1',
69 silly addNameRange     '1.0.2',
69 silly addNameRange     '1.0.3',
69 silly addNameRange     '1.1.0',
69 silly addNameRange     '1.1.1',
69 silly addNameRange     '1.1.2',
69 silly addNameRange     '1.2.0',
69 silly addNameRange     '1.2.1',
69 silly addNameRange     '1.2.2',
69 silly addNameRange     '1.2.3',
69 silly addNameRange     '1.2.4',
69 silly addNameRange     '1.2.5',
69 silly addNameRange     '1.2.6',
69 silly addNameRange     '1.2.7',
69 silly addNameRange     '1.2.8',
69 silly addNameRange     '1.3.0',
69 silly addNameRange     '1.3.1',
69 silly addNameRange     '1.3.2',
69 silly addNameRange     '1.3.3',
69 silly addNameRange     '1.3.4',
69 silly addNameRange     '1.3.5',
69 silly addNameRange     '1.3.6',
69 silly addNameRange     '1.3.7',
69 silly addNameRange     '1.3.8',
69 silly addNameRange     '1.3.9',
69 silly addNameRange     '1.3.10',
69 silly addNameRange     '1.3.11',
69 silly addNameRange     '1.3.12',
69 silly addNameRange     '1.4.0',
69 silly addNameRange     '1.4.1' ] ]
70 silly addNamed bower@1.4.1
71 verbose addNamed "1.4.1" is a plain semver version for bower
72 silly cache afterAdd bower@1.4.1
73 verbose afterAdd C:\Users\caos\AppData\Roaming\npm-cache\bower\1.4.1\package\package.json not in flight; writing
74 verbose afterAdd C:\Users\caos\AppData\Roaming\npm-cache\bower\1.4.1\package\package.json written
75 verbose stack Error: ENOENT, open 'C:\Users\caos\Vantage-Payday-Angular\-'
75 verbose stack     at Error (native)
76 verbose cwd C:\Users\caos\Vantage-Payday-Angular
77 error Windows_NT 6.1.7601
78 error argv "C:\\Users\\caos\\Nodejs\\\\node.exe" "C:\\Users\\caos\\Nodejs\\node_modules\\npm\\bin\\npm-cli.js" "install" "-" "bower"
79 error node v0.12.4
80 error npm  v2.10.1
81 error path C:\Users\caos\Vantage-Payday-Angular\-
82 error code ENOENT
83 error errno -4058
84 error enoent ENOENT, open 'C:\Users\caos\Vantage-Payday-Angular\-'
84 error enoent This is most likely not a problem with npm itself
84 error enoent and is related to npm not being able to find a file.
85 verbose exit [ -4058, true ]
